2021-05-17 15:54:12,319 INFO org.springframework.boot.StartupInfoLogger [main] Starting MainApplication on DESKTOP-9FPP7VQ with PID 16732 (E:\UdacityCodeRepository\Ecommerce-Application\JDND\starter_code\target\classes started by Arpit in E:\UdacityCodeRepository\Ecommerce-Application\JDND\starter_code)
2021-05-17 15:54:12,332 INFO org.springframework.boot.SpringApplication [main] No active profile set, falling back to default profiles: default
2021-05-17 15:54:14,349 INFO org.springframework.data.repository.config.RepositoryConfigurationDelegate [main] Bootstrapping Spring Data JPA repositories in DEFAULT mode.
2021-05-17 15:54:14,494 INFO org.springframework.data.repository.config.RepositoryConfigurationDelegate [main] Finished Spring Data repository scanning in 124ms. Found 4 JPA repository interfaces.
2021-05-17 15:54:16,741 INFO org.springframework.boot.web.embedded.tomcat.TomcatWebServer [main] Tomcat initialized with port(s): 8080 (http)
2021-05-17 15:54:16,764 INFO org.apache.juli.logging.DirectJDKLog [main] Initializing ProtocolHandler ["http-nio-8080"]
2021-05-17 15:54:16,768 INFO org.apache.juli.logging.DirectJDKLog [main] Starting service [Tomcat]
2021-05-17 15:54:16,769 INFO org.apache.juli.logging.DirectJDKLog [main] Starting Servlet engine: [Apache Tomcat/9.0.37]
2021-05-17 15:54:17,076 INFO org.apache.juli.logging.DirectJDKLog [main] Initializing Spring embedded WebApplicationContext
2021-05-17 15:54:17,078 INFO org.springframework.boot.web.servlet.context.ServletWebServerApplicationContext [main] Root WebApplicationContext: initialization completed in 4530 ms
2021-05-17 15:54:17,652 INFO org.hibernate.jpa.internal.util.LogHelper [main] HHH000204: Processing PersistenceUnitInfo [name: default]
2021-05-17 15:54:17,771 INFO org.hibernate.Version [main] HHH000412: Hibernate ORM core version 5.4.18.Final
2021-05-17 15:54:18,083 INFO org.hibernate.annotations.common.reflection.java.JavaReflectionManager [main] HCANN000001: Hibernate Commons Annotations {5.1.0.Final}
2021-05-17 15:54:18,304 INFO com.zaxxer.hikari.HikariDataSource [main] HikariPool-1 - Starting...
2021-05-17 15:54:18,627 INFO com.zaxxer.hikari.HikariDataSource [main] HikariPool-1 - Start completed.
2021-05-17 15:54:18,659 INFO org.hibernate.dialect.Dialect [main] HHH000400: Using dialect: org.hibernate.dialect.H2Dialect
2021-05-17 15:54:20,503 INFO org.hibernate.engine.transaction.jta.platform.internal.JtaPlatformInitiator [main] HHH000490: Using JtaPlatform implementation: [org.hibernate.engine.transaction.jta.platform.internal.NoJtaPlatform]
2021-05-17 15:54:20,518 INFO org.springframework.orm.jpa.AbstractEntityManagerFactoryBean [main] Initialized JPA EntityManagerFactory for persistence unit 'default'
2021-05-17 15:54:21,431 WARN org.springframework.boot.autoconfigure.orm.jpa.JpaBaseConfiguration$JpaWebConfiguration [main] spring.jpa.open-in-view is enabled by default. Therefore, database queries may be performed during view rendering. Explicitly configure spring.jpa.open-in-view to disable this warning
2021-05-17 15:54:22,594 INFO org.springframework.security.web.DefaultSecurityFilterChain [main] Creating filter chain: any request, [org.springframework.security.web.context.request.async.WebAsyncManagerIntegrationFilter@6a97517, org.springframework.security.web.context.SecurityContextPersistenceFilter@5213b887, org.springframework.security.web.header.HeaderWriterFilter@73d7d676, org.springframework.web.filter.CorsFilter@284b487f, org.springframework.security.web.authentication.logout.LogoutFilter@403cff1c, com.example.demo.security.JWTAuthenticationFilter@65021bb4, com.example.demo.security.JWTAuthenticationVerficationFilter@630c3af3, org.springframework.security.web.savedrequest.RequestCacheAwareFilter@6f4029e9, org.springframework.security.web.servletapi.SecurityContextHolderAwareRequestFilter@1ad9d5be, org.springframework.security.web.authentication.AnonymousAuthenticationFilter@2e40ea48, org.springframework.security.web.session.SessionManagementFilter@3023f157, org.springframework.security.web.access.ExceptionTranslationFilter@5cdc8499, org.springframework.security.web.access.intercept.FilterSecurityInterceptor@61ca5134]
2021-05-17 15:54:22,735 INFO org.springframework.scheduling.concurrent.ExecutorConfigurationSupport [main] Initializing ExecutorService 'applicationTaskExecutor'
2021-05-17 15:54:23,000 INFO org.apache.juli.logging.DirectJDKLog [main] Starting ProtocolHandler ["http-nio-8080"]
2021-05-17 15:54:23,063 INFO org.springframework.boot.web.embedded.tomcat.TomcatWebServer [main] Tomcat started on port(s): 8080 (http) with context path ''
2021-05-17 15:54:23,078 INFO org.springframework.boot.StartupInfoLogger [main] Started MainApplication in 11.97 seconds (JVM running for 13.245)
2021-05-17 15:54:43,414 INFO org.apache.juli.logging.DirectJDKLog [http-nio-8080-exec-2] Initializing Spring DispatcherServlet 'dispatcherServlet'
2021-05-17 15:54:43,415 INFO org.springframework.web.servlet.FrameworkServlet [http-nio-8080-exec-2] Initializing Servlet 'dispatcherServlet'
2021-05-17 15:54:43,442 INFO org.springframework.web.servlet.FrameworkServlet [http-nio-8080-exec-2] Completed initialization in 26 ms
2021-05-17 15:54:44,283 ERROR com.example.demo.controllers.UserController [http-nio-8080-exec-2] User creation failed, please set proper password.
2021-05-17 15:54:59,398 ERROR com.example.demo.controllers.UserController [http-nio-8080-exec-3] User creation failed, please set proper password.
2021-05-17 15:55:10,901 INFO com.example.demo.controllers.UserController [http-nio-8080-exec-5] User created successfully with username arpit
2021-05-17 15:55:17,851 ERROR com.example.demo.controllers.UserController [http-nio-8080-exec-8] User creation failed, the username already exists.
2021-05-17 15:58:30,111 ERROR com.example.demo.controllers.OrderController [http-nio-8080-exec-3] Order creation failed as the requested user is not found.
2021-05-17 15:58:37,922 INFO com.example.demo.controllers.OrderController [http-nio-8080-exec-6] The order is saved successfully.
