2021-05-16 15:02:35,013 INFO org.springframework.boot.StartupInfoLogger [main] Starting MainApplication on DESKTOP-9FPP7VQ with PID 12076 (E:\UdacityCodeRepository\Ecommerce-Application\JDND\starter_code\target\classes started by Arpit in E:\UdacityCodeRepository\Ecommerce-Application\JDND\starter_code)
2021-05-16 15:02:35,013 INFO org.springframework.boot.SpringApplication [main] No active profile set, falling back to default profiles: default
2021-05-16 15:02:37,157 INFO org.springframework.data.repository.config.RepositoryConfigurationDelegate [main] Bootstrapping Spring Data JPA repositories in DEFAULT mode.
2021-05-16 15:02:37,267 INFO org.springframework.data.repository.config.RepositoryConfigurationDelegate [main] Finished Spring Data repository scanning in 94ms. Found 4 JPA repository interfaces.
2021-05-16 15:02:39,243 INFO org.springframework.boot.web.embedded.tomcat.TomcatWebServer [main] Tomcat initialized with port(s): 8080 (http)
2021-05-16 15:02:39,257 INFO org.apache.juli.logging.DirectJDKLog [main] Initializing ProtocolHandler ["http-nio-8080"]
2021-05-16 15:02:39,259 INFO org.apache.juli.logging.DirectJDKLog [main] Starting service [Tomcat]
2021-05-16 15:02:39,260 INFO org.apache.juli.logging.DirectJDKLog [main] Starting Servlet engine: [Apache Tomcat/9.0.37]
2021-05-16 15:02:39,578 INFO org.apache.juli.logging.DirectJDKLog [main] Initializing Spring embedded WebApplicationContext
2021-05-16 15:02:39,580 INFO org.springframework.boot.web.servlet.context.ServletWebServerApplicationContext [main] Root WebApplicationContext: initialization completed in 4364 ms
2021-05-16 15:02:40,207 INFO org.hibernate.jpa.internal.util.LogHelper [main] HHH000204: Processing PersistenceUnitInfo [name: default]
2021-05-16 15:02:40,327 INFO org.hibernate.Version [main] HHH000412: Hibernate ORM core version 5.4.18.Final
2021-05-16 15:02:40,633 INFO org.hibernate.annotations.common.reflection.java.JavaReflectionManager [main] HCANN000001: Hibernate Commons Annotations {5.1.0.Final}
2021-05-16 15:02:40,756 INFO com.zaxxer.hikari.HikariDataSource [main] HikariPool-1 - Starting...
2021-05-16 15:02:41,131 INFO com.zaxxer.hikari.HikariDataSource [main] HikariPool-1 - Start completed.
2021-05-16 15:02:41,178 INFO org.hibernate.dialect.Dialect [main] HHH000400: Using dialect: org.hibernate.dialect.H2Dialect
2021-05-16 15:02:42,896 INFO org.hibernate.engine.transaction.jta.platform.internal.JtaPlatformInitiator [main] HHH000490: Using JtaPlatform implementation: [org.hibernate.engine.transaction.jta.platform.internal.NoJtaPlatform]
2021-05-16 15:02:42,912 INFO org.springframework.orm.jpa.AbstractEntityManagerFactoryBean [main] Initialized JPA EntityManagerFactory for persistence unit 'default'
2021-05-16 15:02:43,740 WARN org.springframework.boot.autoconfigure.orm.jpa.JpaBaseConfiguration$JpaWebConfiguration [main] spring.jpa.open-in-view is enabled by default. Therefore, database queries may be performed during view rendering. Explicitly configure spring.jpa.open-in-view to disable this warning
2021-05-16 15:02:44,944 INFO org.springframework.security.web.DefaultSecurityFilterChain [main] Creating filter chain: any request, [org.springframework.security.web.context.request.async.WebAsyncManagerIntegrationFilter@318511f0, org.springframework.security.web.context.SecurityContextPersistenceFilter@6c8d638a, org.springframework.security.web.header.HeaderWriterFilter@34ede267, org.springframework.web.filter.CorsFilter@53564a4c, org.springframework.security.web.authentication.logout.LogoutFilter@a926db4, com.example.demo.security.JWTAuthenticationFilter@4866e0a7, com.example.demo.security.JWTAuthenticationVerficationFilter@69a294d8, org.springframework.security.web.savedrequest.RequestCacheAwareFilter@77ebc9e6, org.springframework.security.web.servletapi.SecurityContextHolderAwareRequestFilter@4f0c1409, org.springframework.security.web.authentication.AnonymousAuthenticationFilter@70b1028d, org.springframework.security.web.session.SessionManagementFilter@51c6e775, org.springframework.security.web.access.ExceptionTranslationFilter@1e592ef2, org.springframework.security.web.access.intercept.FilterSecurityInterceptor@1f7557fe]
2021-05-16 15:02:45,082 INFO org.springframework.scheduling.concurrent.ExecutorConfigurationSupport [main] Initializing ExecutorService 'applicationTaskExecutor'
2021-05-16 15:02:45,376 INFO org.apache.juli.logging.DirectJDKLog [main] Starting ProtocolHandler ["http-nio-8080"]
2021-05-16 15:02:45,469 INFO org.springframework.boot.web.embedded.tomcat.TomcatWebServer [main] Tomcat started on port(s): 8080 (http) with context path ''
2021-05-16 15:02:45,495 INFO org.springframework.boot.StartupInfoLogger [main] Started MainApplication in 12.073 seconds (JVM running for 13.375)
2021-05-16 15:02:50,960 INFO org.apache.juli.logging.DirectJDKLog [http-nio-8080-exec-2] Initializing Spring DispatcherServlet 'dispatcherServlet'
2021-05-16 15:02:50,962 INFO org.springframework.web.servlet.FrameworkServlet [http-nio-8080-exec-2] Initializing Servlet 'dispatcherServlet'
2021-05-16 15:02:50,986 INFO org.springframework.web.servlet.FrameworkServlet [http-nio-8080-exec-2] Completed initialization in 23 ms
2021-05-16 15:02:51,942 INFO com.example.demo.controllers.UserController [http-nio-8080-exec-2] User created successfully with username hello
2021-05-16 15:04:47,755 INFO com.example.demo.controllers.UserController [http-nio-8080-exec-5] User created successfully with username arpit
2021-05-16 15:04:53,023 INFO com.example.demo.controllers.UserController [http-nio-8080-exec-6] User created successfully with username vishy
2021-05-16 15:05:08,539 ERROR com.example.demo.controllers.UserController [http-nio-8080-exec-7] User creation failed, please set proper password.
2021-05-16 16:41:26,564 WARN com.zaxxer.hikari.pool.HikariPool$HouseKeeper [HikariPool-1 housekeeper] HikariPool-1 - Thread starvation or clock leap detected (housekeeper delta=6m42s773ms182µs200ns).
2021-05-16 18:02:27,628 WARN com.zaxxer.hikari.pool.HikariPool$HouseKeeper [HikariPool-1 housekeeper] HikariPool-1 - Thread starvation or clock leap detected (housekeeper delta=1h19m777ms375µs400ns).
2021-05-16 20:07:11,709 INFO org.springframework.boot.StartupInfoLogger [main] Starting MainApplicationTests on DESKTOP-9FPP7VQ with PID 6856 (started by Arpit in E:\UdacityCodeRepository\Ecommerce-Application\JDND\starter_code)
2021-05-16 20:07:11,712 INFO org.springframework.boot.SpringApplication [main] No active profile set, falling back to default profiles: default
2021-05-16 20:07:13,346 INFO org.springframework.data.repository.config.RepositoryConfigurationDelegate [main] Bootstrapping Spring Data JPA repositories in DEFAULT mode.
2021-05-16 20:07:13,602 INFO org.springframework.data.repository.config.RepositoryConfigurationDelegate [main] Finished Spring Data repository scanning in 233ms. Found 4 JPA repository interfaces.
2021-05-16 20:07:16,192 INFO org.hibernate.jpa.internal.util.LogHelper [main] HHH000204: Processing PersistenceUnitInfo [name: default]
2021-05-16 20:07:16,341 INFO org.hibernate.Version [main] HHH000412: Hibernate ORM core version 5.4.18.Final
2021-05-16 20:07:16,446 INFO org.hibernate.annotations.common.reflection.java.JavaReflectionManager [main] HCANN000001: Hibernate Commons Annotations {5.1.0.Final}
2021-05-16 20:07:16,809 INFO com.zaxxer.hikari.HikariDataSource [main] HikariPool-1 - Starting...
2021-05-16 20:07:17,482 INFO com.zaxxer.hikari.HikariDataSource [main] HikariPool-1 - Start completed.
2021-05-16 20:07:17,560 INFO org.hibernate.dialect.Dialect [main] HHH000400: Using dialect: org.hibernate.dialect.H2Dialect
2021-05-16 20:07:19,745 INFO org.hibernate.engine.transaction.jta.platform.internal.JtaPlatformInitiator [main] HHH000490: Using JtaPlatform implementation: [org.hibernate.engine.transaction.jta.platform.internal.NoJtaPlatform]
2021-05-16 20:07:19,745 INFO org.springframework.orm.jpa.AbstractEntityManagerFactoryBean [main] Initialized JPA EntityManagerFactory for persistence unit 'default'
2021-05-16 20:07:21,687 WARN org.springframework.boot.autoconfigure.orm.jpa.JpaBaseConfiguration$JpaWebConfiguration [main] spring.jpa.open-in-view is enabled by default. Therefore, database queries may be performed during view rendering. Explicitly configure spring.jpa.open-in-view to disable this warning
2021-05-16 20:07:23,827 INFO org.springframework.security.web.DefaultSecurityFilterChain [main] Creating filter chain: any request, [org.springframework.security.web.context.request.async.WebAsyncManagerIntegrationFilter@497c1d78, org.springframework.security.web.context.SecurityContextPersistenceFilter@17344d7, org.springframework.security.web.header.HeaderWriterFilter@52a2e2fb, org.springframework.web.filter.CorsFilter@7d12fb85, org.springframework.security.web.authentication.logout.LogoutFilter@26c1f3eb, com.example.demo.security.JWTAuthenticationFilter@71db6703, com.example.demo.security.JWTAuthenticationVerficationFilter@470ad01c, org.springframework.security.web.savedrequest.RequestCacheAwareFilter@23909b3, org.springframework.security.web.servletapi.SecurityContextHolderAwareRequestFilter@294a12b5, org.springframework.security.web.authentication.AnonymousAuthenticationFilter@6e349258, org.springframework.security.web.session.SessionManagementFilter@1164990a, org.springframework.security.web.access.ExceptionTranslationFilter@663e1144, org.springframework.security.web.access.intercept.FilterSecurityInterceptor@c3c63c1]
2021-05-16 20:07:24,489 INFO org.springframework.scheduling.concurrent.ExecutorConfigurationSupport [main] Initializing ExecutorService 'applicationTaskExecutor'
2021-05-16 20:07:25,563 INFO org.springframework.boot.StartupInfoLogger [main] Started MainApplicationTests in 15.132 seconds (JVM running for 20.631)
2021-05-16 20:07:25,756 INFO org.springframework.scheduling.concurrent.ExecutorConfigurationSupport [SpringContextShutdownHook] Shutting down ExecutorService 'applicationTaskExecutor'
2021-05-16 20:07:25,768 INFO org.springframework.orm.jpa.AbstractEntityManagerFactoryBean [SpringContextShutdownHook] Closing JPA EntityManagerFactory for persistence unit 'default'
2021-05-16 20:07:25,773 INFO com.zaxxer.hikari.HikariDataSource [SpringContextShutdownHook] HikariPool-1 - Shutdown initiated...
2021-05-16 20:07:25,779 INFO com.zaxxer.hikari.HikariDataSource [SpringContextShutdownHook] HikariPool-1 - Shutdown completed.
2021-05-16 20:21:50,886 INFO org.springframework.boot.StartupInfoLogger [main] Starting MainApplicationTests on DESKTOP-9FPP7VQ with PID 6240 (started by Arpit in E:\UdacityCodeRepository\Ecommerce-Application\JDND\starter_code)
2021-05-16 20:21:50,886 INFO org.springframework.boot.SpringApplication [main] No active profile set, falling back to default profiles: default
2021-05-16 20:21:52,409 INFO org.springframework.data.repository.config.RepositoryConfigurationDelegate [main] Bootstrapping Spring Data JPA repositories in DEFAULT mode.
2021-05-16 20:21:52,659 INFO org.springframework.data.repository.config.RepositoryConfigurationDelegate [main] Finished Spring Data repository scanning in 214ms. Found 4 JPA repository interfaces.
2021-05-16 20:21:54,637 INFO org.hibernate.jpa.internal.util.LogHelper [main] HHH000204: Processing PersistenceUnitInfo [name: default]
2021-05-16 20:21:54,722 INFO org.hibernate.Version [main] HHH000412: Hibernate ORM core version 5.4.18.Final
2021-05-16 20:21:54,954 INFO org.hibernate.annotations.common.reflection.java.JavaReflectionManager [main] HCANN000001: Hibernate Commons Annotations {5.1.0.Final}
2021-05-16 20:21:55,185 INFO com.zaxxer.hikari.HikariDataSource [main] HikariPool-1 - Starting...
2021-05-16 20:21:55,605 INFO com.zaxxer.hikari.HikariDataSource [main] HikariPool-1 - Start completed.
2021-05-16 20:21:55,701 INFO org.hibernate.dialect.Dialect [main] HHH000400: Using dialect: org.hibernate.dialect.H2Dialect
2021-05-16 20:21:57,484 INFO org.hibernate.engine.transaction.jta.platform.internal.JtaPlatformInitiator [main] HHH000490: Using JtaPlatform implementation: [org.hibernate.engine.transaction.jta.platform.internal.NoJtaPlatform]
2021-05-16 20:21:57,500 INFO org.springframework.orm.jpa.AbstractEntityManagerFactoryBean [main] Initialized JPA EntityManagerFactory for persistence unit 'default'
2021-05-16 20:21:58,899 WARN org.springframework.boot.autoconfigure.orm.jpa.JpaBaseConfiguration$JpaWebConfiguration [main] spring.jpa.open-in-view is enabled by default. Therefore, database queries may be performed during view rendering. Explicitly configure spring.jpa.open-in-view to disable this warning
2021-05-16 20:22:00,428 INFO org.springframework.security.web.DefaultSecurityFilterChain [main] Creating filter chain: any request, [org.springframework.security.web.context.request.async.WebAsyncManagerIntegrationFilter@37a0fc8c, org.springframework.security.web.context.SecurityContextPersistenceFilter@35f22eef, org.springframework.security.web.header.HeaderWriterFilter@5b0835cb, org.springframework.web.filter.CorsFilter@1ba3c03d, org.springframework.security.web.authentication.logout.LogoutFilter@31b91435, com.example.demo.security.JWTAuthenticationFilter@9a37591, com.example.demo.security.JWTAuthenticationVerficationFilter@749c0669, org.springframework.security.web.savedrequest.RequestCacheAwareFilter@67a3dd86, org.springframework.security.web.servletapi.SecurityContextHolderAwareRequestFilter@4f98ac31, org.springframework.security.web.authentication.AnonymousAuthenticationFilter@4468c0ea, org.springframework.security.web.session.SessionManagementFilter@477bea57, org.springframework.security.web.access.ExceptionTranslationFilter@2e9dcdd3, org.springframework.security.web.access.intercept.FilterSecurityInterceptor@70cac22a]
2021-05-16 20:22:00,941 INFO org.springframework.scheduling.concurrent.ExecutorConfigurationSupport [main] Initializing ExecutorService 'applicationTaskExecutor'
2021-05-16 20:22:01,575 INFO org.springframework.boot.StartupInfoLogger [main] Started MainApplicationTests in 12.238 seconds (JVM running for 15.166)
2021-05-16 20:22:01,938 INFO org.springframework.scheduling.concurrent.ExecutorConfigurationSupport [SpringContextShutdownHook] Shutting down ExecutorService 'applicationTaskExecutor'
2021-05-16 20:22:01,948 INFO org.springframework.orm.jpa.AbstractEntityManagerFactoryBean [SpringContextShutdownHook] Closing JPA EntityManagerFactory for persistence unit 'default'
2021-05-16 20:22:01,948 INFO com.zaxxer.hikari.HikariDataSource [SpringContextShutdownHook] HikariPool-1 - Shutdown initiated...
2021-05-16 20:22:01,958 INFO com.zaxxer.hikari.HikariDataSource [SpringContextShutdownHook] HikariPool-1 - Shutdown completed.
